<?xml version="1.0" encoding="UTF-8"?>
<!-- Generated by org.testng.reporters.JUnitXMLReporter -->
<testsuite hostname="PYXLE-000354" name="Surefire test" tests="5" failures="0" timestamp="20 Apr 2020 03:41:08 GMT" time="124.822" errors="0">
  <testcase name="a1navToLandingPage on a1navToLandingPage(com.GoogleAuto.UnitTest)" time="85.278" classname="com.GoogleAuto.UnitTest"/>
  <testcase name="a2navToSignin on a2navToSignin(com.GoogleAuto.UnitTest)" time="10.333" classname="com.GoogleAuto.UnitTest"/>
  <testcase name="a3authLogIn on a3authLogIn(com.GoogleAuto.UnitTest)" time="8.008" classname="com.GoogleAuto.UnitTest"/>
  <testcase name="a4signOut on a4signOut(com.GoogleAuto.UnitTest)" time="12.421" classname="com.GoogleAuto.UnitTest"/>
  <testcase name="a5inCred on a5inCred(com.GoogleAuto.UnitTest)" time="2.701" classname="com.GoogleAuto.UnitTest"/>
</testsuite> <!-- Surefire test -->
